app/build/intermediates/manifest_merge_blame_file/debug/manifest-merger-blame-debug-report.txt
1<?xml version="1.0" encoding="utf-8"?>
2<manifest xmlns:android="http://schemas.android.com/apk/res/android"
3    package="com.example.tradeoff"
4    android:versionCode="1"
5    android:versionName="1.0" >
6
7    <uses-sdk
8        android:minSdkVersion="16"
8-->src\main\AndroidManifest.xml
9        android:targetSdkVersion="29" />
9-->src\main\AndroidManifest.xml
10
11    <uses-permission android:name="android.permission.INTERNET" />
11-->src\main\AndroidManifest.xml:5:5-67
11-->src\main\AndroidManifest.xml:5:22-64
12    <uses-permission android:name="android.permission.READ_EXTERNAL_STORAGE" />
12-->src\main\AndroidManifest.xml:6:5-80
12-->src\main\AndroidManifest.xml:6:22-77
13    <uses-permission android:name="android.permission.READ_CONTACTS" />
13-->src\main\AndroidManifest.xml:7:5-72
13-->src\main\AndroidManifest.xml:7:22-69
14
15    <!-- Although the *SdkVersion is captured in gradle build files, this is required for non gradle builds -->
16    <!-- <uses-sdk android:minSdkVersion="14"/> -->
17    <uses-permission android:name="android.permission.ACCESS_NETWORK_STATE" />
17-->[com.google.firebase:firebase-storage:19.2.0] AndroidManifest.xml:26:5-79
17-->[com.google.firebase:firebase-storage:19.2.0] AndroidManifest.xml:26:22-76
18    <uses-permission android:name="android.permission.WAKE_LOCK" />
18-->[com.google.android.gms:play-services-measurement-api:18.0.0] AndroidManifest.xml:24:5-68
18-->[com.google.android.gms:play-services-measurement-api:18.0.0] AndroidManifest.xml:24:22-65
19    <uses-permission android:name="com.google.android.finsky.permission.BIND_GET_INSTALL_REFERRER_SERVICE" />
19-->[com.google.android.gms:play-services-measurement:18.0.0] AndroidManifest.xml:26:5-110
19-->[com.google.android.gms:play-services-measurement:18.0.0] AndroidManifest.xml:26:22-107
20
21    <application
21-->src\main\AndroidManifest.xml:9:5-39:19
22        android:allowBackup="true"
22-->src\main\AndroidManifest.xml:10:9-35
23        android:appComponentFactory="androidx.core.app.CoreComponentFactory"
23-->[androidx.core:core:1.3.1] AndroidManifest.xml:24:18-86
24        android:debuggable="true"
25        android:icon="@mipmap/ic_launcher"
25-->src\main\AndroidManifest.xml:11:9-43
26        android:label="@string/app_name"
26-->src\main\AndroidManifest.xml:12:9-41
27        android:roundIcon="@mipmap/ic_launcher_round"
27-->src\main\AndroidManifest.xml:13:9-54
28        android:supportsRtl="true"
28-->src\main\AndroidManifest.xml:14:9-35
29        android:testOnly="true"
30        android:theme="@style/AppTheme" >
30-->src\main\AndroidManifest.xml:15:9-40
31        <activity android:name="com.example.tradeoff.DiagramActivity" />
31-->src\main\AndroidManifest.xml:16:9-62
31-->src\main\AndroidManifest.xml:16:19-50
32        <activity android:name="com.example.tradeoff.DiagramRegion" />
32-->src\main\AndroidManifest.xml:17:9-51
32-->src\main\AndroidManifest.xml:17:19-48
33        <activity android:name="com.example.tradeoff.Delete_Post_Admin" />
33-->src\main\AndroidManifest.xml:18:9-55
33-->src\main\AndroidManifest.xml:18:19-52
34        <activity
34-->src\main\AndroidManifest.xml:19:9-22:59
35            android:name="com.example.tradeoff.changeCategory"
35-->src\main\AndroidManifest.xml:20:13-43
36            android:label="@string/title_activity_category"
36-->src\main\AndroidManifest.xml:21:13-60
37            android:theme="@style/AppTheme.NoActionBar" />
37-->src\main\AndroidManifest.xml:22:13-56
38        <activity android:name="com.example.tradeoff.MyPost" />
38-->src\main\AndroidManifest.xml:23:9-44
38-->src\main\AndroidManifest.xml:23:19-41
39        <activity android:name="com.example.tradeoff.Search" />
39-->src\main\AndroidManifest.xml:24:9-44
39-->src\main\AndroidManifest.xml:24:19-41
40        <activity android:name="com.example.tradeoff.EditProfile" />
40-->src\main\AndroidManifest.xml:25:9-49
40-->src\main\AndroidManifest.xml:25:19-46
41        <activity android:name="com.example.tradeoff.Profile" />
41-->src\main\AndroidManifest.xml:26:9-45
41-->src\main\AndroidManifest.xml:26:19-42
42        <activity android:name="com.example.tradeoff.CreatePost" />
42-->src\main\AndroidManifest.xml:27:9-48
42-->src\main\AndroidManifest.xml:27:19-45
43        <activity android:name="com.example.tradeoff.Home" />
43-->src\main\AndroidManifest.xml:28:9-42
43-->src\main\AndroidManifest.xml:28:19-39
44        <activity android:name="com.example.tradeoff.Forgot_Password" />
44-->src\main\AndroidManifest.xml:29:9-53
44-->src\main\AndroidManifest.xml:29:19-50
45        <activity android:name="com.example.tradeoff.RegisterUser" />
45-->src\main\AndroidManifest.xml:30:9-50
45-->src\main\AndroidManifest.xml:30:19-47
46        <activity android:name="com.example.tradeoff.Administrator" />
46-->src\main\AndroidManifest.xml:31:9-51
46-->src\main\AndroidManifest.xml:31:19-48
47        <activity android:name="com.example.tradeoff.MainActivity" >
47-->src\main\AndroidManifest.xml:32:9-38:20
47-->src\main\AndroidManifest.xml:32:19-47
48            <intent-filter>
48-->src\main\AndroidManifest.xml:33:13-37:29
49                <action android:name="android.intent.action.MAIN" />
49-->src\main\AndroidManifest.xml:34:17-69
49-->src\main\AndroidManifest.xml:34:25-66
50
51                <category android:name="android.intent.category.LAUNCHER" />
51-->src\main\AndroidManifest.xml:36:17-77
51-->src\main\AndroidManifest.xml:36:27-74
52            </intent-filter>
53        </activity>
54
55        <service
55-->[com.google.firebase:firebase-storage:19.2.0] AndroidManifest.xml:30:9-36:19
56            android:name="com.google.firebase.components.ComponentDiscoveryService"
56-->[com.google.firebase:firebase-storage:19.2.0] AndroidManifest.xml:31:13-84
57            android:directBootAware="true"
57-->[com.google.firebase:firebase-common:19.3.1] AndroidManifest.xml:35:13-43
58            android:exported="false" >
58-->[com.google.firebase:firebase-storage:19.2.0] AndroidManifest.xml:32:13-37
59            <meta-data
59-->[com.google.firebase:firebase-storage:19.2.0] AndroidManifest.xml:33:13-35:85
60                android:name="com.google.firebase.components:com.google.firebase.storage.StorageRegistrar"
60-->[com.google.firebase:firebase-storage:19.2.0] AndroidManifest.xml:34:17-107
61                android:value="com.google.firebase.components.ComponentRegistrar" />
61-->[com.google.firebase:firebase-storage:19.2.0] AndroidManifest.xml:35:17-82
62            <meta-data
62-->[com.google.firebase:firebase-auth:20.0.0] AndroidManifest.xml:85:13-87:85
63                android:name="com.google.firebase.components:com.google.firebase.auth.FirebaseAuthRegistrar"
63-->[com.google.firebase:firebase-auth:20.0.0] AndroidManifest.xml:86:17-109
64                android:value="com.google.firebase.components.ComponentRegistrar" />
64-->[com.google.firebase:firebase-auth:20.0.0] AndroidManifest.xml:87:17-82
65            <meta-data
65-->[com.google.firebase:firebase-database:19.5.1] AndroidManifest.xml:32:13-34:85
66                android:name="com.google.firebase.components:com.google.firebase.database.DatabaseRegistrar"
66-->[com.google.firebase:firebase-database:19.5.1] AndroidManifest.xml:33:17-109
67                android:value="com.google.firebase.components.ComponentRegistrar" />
67-->[com.google.firebase:firebase-database:19.5.1] AndroidManifest.xml:34:17-82
68            <meta-data
68-->[com.google.android.gms:play-services-measurement-api:18.0.0] AndroidManifest.xml:30:13-32:85
69                android:name="com.google.firebase.components:com.google.firebase.analytics.connector.internal.AnalyticsConnectorRegistrar"
69-->[com.google.android.gms:play-services-measurement-api:18.0.0] AndroidManifest.xml:31:17-139
70                android:value="com.google.firebase.components.ComponentRegistrar" />
70-->[com.google.android.gms:play-services-measurement-api:18.0.0] AndroidManifest.xml:32:17-82
71            <meta-data
71-->[com.google.firebase:firebase-installations:16.3.3] AndroidManifest.xml:17:13-19:85
72                android:name="com.google.firebase.components:com.google.firebase.installations.FirebaseInstallationsRegistrar"
72-->[com.google.firebase:firebase-installations:16.3.3] AndroidManifest.xml:18:17-127
73                android:value="com.google.firebase.components.ComponentRegistrar" />
73-->[com.google.firebase:firebase-installations:16.3.3] AndroidManifest.xml:19:17-82
74        </service>
75
76        <activity
76-->[com.google.firebase:firebase-auth:20.0.0] AndroidManifest.xml:27:9-34:50
77            android:name="com.google.firebase.auth.internal.FederatedSignInActivity"
77-->[com.google.firebase:firebase-auth:20.0.0] AndroidManifest.xml:28:13-85
78            android:excludeFromRecents="true"
78-->[com.google.firebase:firebase-auth:20.0.0] AndroidManifest.xml:29:13-46
79            android:exported="true"
79-->[com.google.firebase:firebase-auth:20.0.0] AndroidManifest.xml:30:13-36
80            android:launchMode="singleTask"
80-->[com.google.firebase:firebase-auth:20.0.0] AndroidManifest.xml:31:13-44
81            android:permission="com.google.firebase.auth.api.gms.permission.LAUNCH_FEDERATED_SIGN_IN"
81-->[com.google.firebase:firebase-auth:20.0.0] AndroidManifest.xml:32:13-102
82            android:theme="@android:style/Theme.Translucent.NoTitleBar" />
82-->[com.google.firebase:firebase-auth:20.0.0] AndroidManifest.xml:33:13-72
83        <activity
83-->[com.google.firebase:firebase-auth:20.0.0] AndroidManifest.xml:35:9-52:20
84            android:name="com.google.firebase.auth.internal.GenericIdpActivity"
84-->[com.google.firebase:firebase-auth:20.0.0] AndroidManifest.xml:36:13-80
85            android:excludeFromRecents="true"
85-->[com.google.firebase:firebase-auth:20.0.0] AndroidManifest.xml:37:13-46
86            android:exported="true"
86-->[com.google.firebase:firebase-auth:20.0.0] AndroidManifest.xml:38:13-36
87            android:launchMode="singleTask"
87-->[com.google.firebase:firebase-auth:20.0.0] AndroidManifest.xml:39:13-44
88            android:theme="@android:style/Theme.Translucent.NoTitleBar" >
88-->[com.google.firebase:firebase-auth:20.0.0] AndroidManifest.xml:40:13-72
89            <intent-filter>
89-->[com.google.firebase:firebase-auth:20.0.0] AndroidManifest.xml:41:13-51:29
90                <action android:name="android.intent.action.VIEW" />
90-->[com.google.firebase:firebase-auth:20.0.0] AndroidManifest.xml:42:17-69
90-->[com.google.firebase:firebase-auth:20.0.0] AndroidManifest.xml:42:25-66
91
92                <category android:name="android.intent.category.DEFAULT" />
92-->[com.google.firebase:firebase-auth:20.0.0] AndroidManifest.xml:44:17-76
92-->[com.google.firebase:firebase-auth:20.0.0] AndroidManifest.xml:44:27-73
93                <category android:name="android.intent.category.BROWSABLE" />
93-->[com.google.firebase:firebase-auth:20.0.0] AndroidManifest.xml:45:17-78
93-->[com.google.firebase:firebase-auth:20.0.0] AndroidManifest.xml:45:27-75
94
95                <data
95-->[com.google.firebase:firebase-auth:20.0.0] AndroidManifest.xml:47:17-50:51
96                    android:host="firebase.auth"
96-->[com.google.firebase:firebase-auth:20.0.0] AndroidManifest.xml:48:21-49
97                    android:path="/"
97-->[com.google.firebase:firebase-auth:20.0.0] AndroidManifest.xml:49:21-37
98                    android:scheme="genericidp" />
98-->[com.google.firebase:firebase-auth:20.0.0] AndroidManifest.xml:50:21-48
99            </intent-filter>
100        </activity>
101        <activity
101-->[com.google.firebase:firebase-auth:20.0.0] AndroidManifest.xml:53:9-70:20
102            android:name="com.google.firebase.auth.internal.RecaptchaActivity"
102-->[com.google.firebase:firebase-auth:20.0.0] AndroidManifest.xml:54:13-79
103            android:excludeFromRecents="true"
103-->[com.google.firebase:firebase-auth:20.0.0] AndroidManifest.xml:55:13-46
104            android:exported="true"
104-->[com.google.firebase:firebase-auth:20.0.0] AndroidManifest.xml:56:13-36
105            android:launchMode="singleTask"
105-->[com.google.firebase:firebase-auth:20.0.0] AndroidManifest.xml:57:13-44
106            android:theme="@android:style/Theme.Translucent.NoTitleBar" >
106-->[com.google.firebase:firebase-auth:20.0.0] AndroidManifest.xml:58:13-72
107            <intent-filter>
107-->[com.google.firebase:firebase-auth:20.0.0] AndroidManifest.xml:59:13-69:29
108                <action android:name="android.intent.action.VIEW" />
108-->[com.google.firebase:firebase-auth:20.0.0] AndroidManifest.xml:42:17-69
108-->[com.google.firebase:firebase-auth:20.0.0] AndroidManifest.xml:42:25-66
109
110                <category android:name="android.intent.category.DEFAULT" />
110-->[com.google.firebase:firebase-auth:20.0.0] AndroidManifest.xml:44:17-76
110-->[com.google.firebase:firebase-auth:20.0.0] AndroidManifest.xml:44:27-73
111                <category android:name="android.intent.category.BROWSABLE" />
111-->[com.google.firebase:firebase-auth:20.0.0] AndroidManifest.xml:45:17-78
111-->[com.google.firebase:firebase-auth:20.0.0] AndroidManifest.xml:45:27-75
112
113                <data
113-->[com.google.firebase:firebase-auth:20.0.0] AndroidManifest.xml:47:17-50:51
114                    android:host="firebase.auth"
114-->[com.google.firebase:firebase-auth:20.0.0] AndroidManifest.xml:48:21-49
115                    android:path="/"
115-->[com.google.firebase:firebase-auth:20.0.0] AndroidManifest.xml:49:21-37
116                    android:scheme="recaptcha" />
116-->[com.google.firebase:firebase-auth:20.0.0] AndroidManifest.xml:50:21-48
117            </intent-filter>
118        </activity>
119
120        <service
120-->[com.google.firebase:firebase-auth:20.0.0] AndroidManifest.xml:72:9-81:19
121            android:name="com.google.firebase.auth.api.fallback.service.FirebaseAuthFallbackService"
121-->[com.google.firebase:firebase-auth:20.0.0] AndroidManifest.xml:73:13-101
122            android:enabled="true"
122-->[com.google.firebase:firebase-auth:20.0.0] AndroidManifest.xml:74:13-35
123            android:exported="false" >
123-->[com.google.firebase:firebase-auth:20.0.0] AndroidManifest.xml:75:13-37
124            <intent-filter>
124-->[com.google.firebase:firebase-auth:20.0.0] AndroidManifest.xml:76:13-80:29
125                <action android:name="com.google.firebase.auth.api.gms.service.START" />
125-->[com.google.firebase:firebase-auth:20.0.0] AndroidManifest.xml:77:17-89
125-->[com.google.firebase:firebase-auth:20.0.0] AndroidManifest.xml:77:25-86
126
127                <category android:name="android.intent.category.DEFAULT" />
127-->[com.google.firebase:firebase-auth:20.0.0] AndroidManifest.xml:44:17-76
127-->[com.google.firebase:firebase-auth:20.0.0] AndroidManifest.xml:44:27-73
128            </intent-filter>
129        </service>
130
131        <provider
131-->[com.squareup.picasso:picasso:2.71828] AndroidManifest.xml:8:9-11:40
132            android:name="com.squareup.picasso.PicassoProvider"
132-->[com.squareup.picasso:picasso:2.71828] AndroidManifest.xml:9:13-64
133            android:authorities="com.example.tradeoff.com.squareup.picasso"
133-->[com.squareup.picasso:picasso:2.71828] AndroidManifest.xml:10:13-72
134            android:exported="false" />
134-->[com.squareup.picasso:picasso:2.71828] AndroidManifest.xml:11:13-37
135        <provider
135-->[com.google.firebase:firebase-common:19.3.1] AndroidManifest.xml:26:9-31:39
136            android:name="com.google.firebase.provider.FirebaseInitProvider"
136-->[com.google.firebase:firebase-common:19.3.1] AndroidManifest.xml:27:13-77
137            android:authorities="com.example.tradeoff.firebaseinitprovider"
137-->[com.google.firebase:firebase-common:19.3.1] AndroidManifest.xml:28:13-72
138            android:directBootAware="true"
138-->[com.google.firebase:firebase-common:19.3.1] AndroidManifest.xml:29:13-43
139            android:exported="false"
139-->[com.google.firebase:firebase-common:19.3.1] AndroidManifest.xml:30:13-37
140            android:initOrder="100" />
140-->[com.google.firebase:firebase-common:19.3.1] AndroidManifest.xml:31:13-36
141
142        <activity
142-->[com.google.android.gms:play-services-base:17.1.0] AndroidManifest.xml:23:9-26:75
143            android:name="com.google.android.gms.common.api.GoogleApiActivity"
143-->[com.google.android.gms:play-services-base:17.1.0] AndroidManifest.xml:24:13-79
144            android:exported="false"
144-->[com.google.android.gms:play-services-base:17.1.0] AndroidManifest.xml:25:13-37
145            android:theme="@android:style/Theme.Translucent.NoTitleBar" />
145-->[com.google.android.gms:play-services-base:17.1.0] AndroidManifest.xml:26:13-72
146
147        <receiver
147-->[com.google.android.gms:play-services-measurement:18.0.0] AndroidManifest.xml:29:9-33:20
148            android:name="com.google.android.gms.measurement.AppMeasurementReceiver"
148-->[com.google.android.gms:play-services-measurement:18.0.0] AndroidManifest.xml:30:13-85
149            android:enabled="true"
149-->[com.google.android.gms:play-services-measurement:18.0.0] AndroidManifest.xml:31:13-35
150            android:exported="false" >
150-->[com.google.android.gms:play-services-measurement:18.0.0] AndroidManifest.xml:32:13-37
151        </receiver>
152
153        <service
153-->[com.google.android.gms:play-services-measurement:18.0.0] AndroidManifest.xml:35:9-38:40
154            android:name="com.google.android.gms.measurement.AppMeasurementService"
154-->[com.google.android.gms:play-services-measurement:18.0.0] AndroidManifest.xml:36:13-84
155            android:enabled="true"
155-->[com.google.android.gms:play-services-measurement:18.0.0] AndroidManifest.xml:37:13-35
156            android:exported="false" />
156-->[com.google.android.gms:play-services-measurement:18.0.0] AndroidManifest.xml:38:13-37
157        <service
157-->[com.google.android.gms:play-services-measurement:18.0.0] AndroidManifest.xml:39:9-43:72
158            android:name="com.google.android.gms.measurement.AppMeasurementJobService"
158-->[com.google.android.gms:play-services-measurement:18.0.0] AndroidManifest.xml:40:13-87
159            android:enabled="true"
159-->[com.google.android.gms:play-services-measurement:18.0.0] AndroidManifest.xml:41:13-35
160            android:exported="false"
160-->[com.google.android.gms:play-services-measurement:18.0.0] AndroidManifest.xml:42:13-37
161            android:permission="android.permission.BIND_JOB_SERVICE" />
161-->[com.google.android.gms:play-services-measurement:18.0.0] AndroidManifest.xml:43:13-69
162
163        <meta-data
163-->[com.google.android.gms:play-services-basement:17.1.0] AndroidManifest.xml:23:9-25:69
164            android:name="com.google.android.gms.version"
164-->[com.google.android.gms:play-services-basement:17.1.0] AndroidManifest.xml:24:13-58
165            android:value="@integer/google_play_services_version" />
165-->[com.google.android.gms:play-services-basement:17.1.0] AndroidManifest.xml:25:13-66
166    </application>
167
168</manifest>